Using cpu device
Wrapping the env with a `Monitor` wrapper
Wrapping the env in a DummyVecEnv.
---------------------------------
| rollout/           |          |
|    ep_len_mean     | 22.1     |
|    ep_rew_mean     | 22.1     |
| time/              |          |
|    fps             | 2845     |
|    iterations      | 1        |
|    time_elapsed    | 0        |
|    total_timesteps | 2048     |
---------------------------------
-----------------------------------------
| rollout/                |             |
|    ep_len_mean          | 26.7        |
|    ep_rew_mean          | 26.7        |
| time/                   |             |
|    fps                  | 1877        |
|    iterations           | 2           |
|    time_elapsed         | 2           |
|    total_timesteps      | 4096        |
| train/                  |             |
|    approx_kl            | 0.009882214 |
|    clip_fraction        | 0.11        |
|    clip_range           | 0.2         |
|    entropy_loss         | -0.686      |
|    explained_variance   | -0.00129    |
|    learning_rate        | 0.0003      |
|    loss                 | 7.09        |
|    n_updates            | 10          |
|    policy_gradient_loss | -0.0169     |
|    value_loss           | 54.1        |
-----------------------------------------
------------------------------------------
| rollout/                |              |
|    ep_len_mean          | 33.7         |
|    ep_rew_mean          | 33.7         |
| time/                   |              |
|    fps                  | 1745         |
|    iterations           | 3            |
|    time_elapsed         | 3            |
|    total_timesteps      | 6144         |
| train/                  |              |
|    approx_kl            | 0.0089996345 |
|    clip_fraction        | 0.0814       |
|    clip_range           | 0.2          |
|    entropy_loss         | -0.665       |
|    explained_variance   | 0.0667       |
|    learning_rate        | 0.0003       |
|    loss                 | 12.6         |
|    n_updates            | 20           |
|    policy_gradient_loss | -0.0202      |
|    value_loss           | 32.3         |
------------------------------------------
-----------------------------------------
| rollout/                |             |
|    ep_len_mean          | 45.9        |
|    ep_rew_mean          | 45.9        |
| time/                   |             |
|    fps                  | 1688        |
|    iterations           | 4           |
|    time_elapsed         | 4           |
|    total_timesteps      | 8192        |
| train/                  |             |
|    approx_kl            | 0.009408649 |
|    clip_fraction        | 0.102       |
|    clip_range           | 0.2         |
|    entropy_loss         | -0.631      |
|    explained_variance   | 0.261       |
|    learning_rate        | 0.0003      |
|    loss                 | 25.7        |
|    n_updates            | 30          |
|    policy_gradient_loss | -0.0195     |
|    value_loss           | 51.2        |
-----------------------------------------
----------------------------------------
| rollout/                |            |
|    ep_len_mean          | 61.7       |
|    ep_rew_mean          | 61.7       |
| time/                   |            |
|    fps                  | 1654       |
|    iterations           | 5          |
|    time_elapsed         | 6          |
|    total_timesteps      | 10240      |
| train/                  |            |
|    approx_kl            | 0.00874911 |
|    clip_fraction        | 0.0606     |
|    clip_range           | 0.2        |
|    entropy_loss         | -0.616     |
|    explained_variance   | 0.236      |
|    learning_rate        | 0.0003     |
|    loss                 | 19.8       |
|    n_updates            | 40         |
|    policy_gradient_loss | -0.016     |
|    value_loss           | 57.9       |
----------------------------------------
-----------------------------------------
| rollout/                |             |
|    ep_len_mean          | 76.4        |
|    ep_rew_mean          | 76.4        |
| time/                   |             |
|    fps                  | 1628        |
|    iterations           | 6           |
|    time_elapsed         | 7           |
|    total_timesteps      | 12288       |
| train/                  |             |
|    approx_kl            | 0.010491438 |
|    clip_fraction        | 0.133       |
|    clip_range           | 0.2         |
|    entropy_loss         | -0.617      |
|    explained_variance   | 0.706       |
|    learning_rate        | 0.0003      |
|    loss                 | 8.03        |
|    n_updates            | 50          |
|    policy_gradient_loss | -0.0166     |
|    value_loss           | 38.6        |
-----------------------------------------
------------------------------------------
| rollout/                |              |
|    ep_len_mean          | 92.3         |
|    ep_rew_mean          | 92.3         |
| time/                   |              |
|    fps                  | 1608         |
|    iterations           | 7            |
|    time_elapsed         | 8            |
|    total_timesteps      | 14336        |
| train/                  |              |
|    approx_kl            | 0.0058749765 |
|    clip_fraction        | 0.0631       |
|    clip_range           | 0.2          |
|    entropy_loss         | -0.598       |
|    explained_variance   | 0.576        |
|    learning_rate        | 0.0003       |
|    loss                 | 19.2         |
|    n_updates            | 60           |
|    policy_gradient_loss | -0.0124      |
|    value_loss           | 60.6         |
------------------------------------------
-----------------------------------------
| rollout/                |             |
|    ep_len_mean          | 108         |
|    ep_rew_mean          | 108         |
| time/                   |             |
|    fps                  | 1588        |
|    iterations           | 8           |
|    time_elapsed         | 10          |
|    total_timesteps      | 16384       |
| train/                  |             |
|    approx_kl            | 0.005144346 |
|    clip_fraction        | 0.0396      |
|    clip_range           | 0.2         |
|    entropy_loss         | -0.588      |
|    explained_variance   | 0.546       |
|    learning_rate        | 0.0003      |
|    loss                 | 23.4        |
|    n_updates            | 70          |
|    policy_gradient_loss | -0.0084     |
|    value_loss           | 63          |
-----------------------------------------
------------------------------------------
| rollout/                |              |
|    ep_len_mean          | 123          |
|    ep_rew_mean          | 123          |
| time/                   |              |
|    fps                  | 1562         |
|    iterations           | 9            |
|    time_elapsed         | 11           |
|    total_timesteps      | 18432        |
| train/                  |              |
|    approx_kl            | 0.0033722378 |
|    clip_fraction        | 0.0336       |
|    clip_range           | 0.2          |
|    entropy_loss         | -0.57        |
|    explained_variance   | 0.547        |
|    learning_rate        | 0.0003       |
|    loss                 | 38.2         |
|    n_updates            | 80           |
|    policy_gradient_loss | -0.00988     |
|    value_loss           | 67.4         |
------------------------------------------
-----------------------------------------
| rollout/                |             |
|    ep_len_mean          | 140         |
|    ep_rew_mean          | 140         |
| time/                   |             |
|    fps                  | 1530        |
|    iterations           | 10          |
|    time_elapsed         | 13          |
|    total_timesteps      | 20480       |
| train/                  |             |
|    approx_kl            | 0.003990354 |
|    clip_fraction        | 0.0416      |
|    clip_range           | 0.2         |
|    entropy_loss         | -0.584      |
|    explained_variance   | 0.787       |
|    learning_rate        | 0.0003      |
|    loss                 | 9.81        |
|    n_updates            | 90          |
|    policy_gradient_loss | -0.00353    |
|    value_loss           | 31.3        |
-----------------------------------------
-----------------------------------------
| rollout/                |             |
|    ep_len_mean          | 162         |
|    ep_rew_mean          | 162         |
| time/                   |             |
|    fps                  | 1523        |
|    iterations           | 11          |
|    time_elapsed         | 14          |
|    total_timesteps      | 22528       |
| train/                  |             |
|    approx_kl            | 0.009706463 |
|    clip_fraction        | 0.0999      |
|    clip_range           | 0.2         |
|    entropy_loss         | -0.557      |
|    explained_variance   | 0.158       |
|    learning_rate        | 0.0003      |
|    loss                 | 0.733       |
|    n_updates            | 100         |
|    policy_gradient_loss | -0.00989    |
|    value_loss           | 25.6        |
-----------------------------------------
-----------------------------------------
| rollout/                |             |
|    ep_len_mean          | 179         |
|    ep_rew_mean          | 179         |
| time/                   |             |
|    fps                  | 1506        |
|    iterations           | 12          |
|    time_elapsed         | 16          |
|    total_timesteps      | 24576       |
| train/                  |             |
|    approx_kl            | 0.007097845 |
|    clip_fraction        | 0.0325      |
|    clip_range           | 0.2         |
|    entropy_loss         | -0.55       |
|    explained_variance   | 0.668       |
|    learning_rate        | 0.0003      |
|    loss                 | 4.09        |
|    n_updates            | 110         |
|    policy_gradient_loss | -0.00773    |
|    value_loss           | 19          |
-----------------------------------------
-----------------------------------------
| rollout/                |             |
|    ep_len_mean          | 196         |
|    ep_rew_mean          | 196         |
| time/                   |             |
|    fps                  | 1484        |
|    iterations           | 13          |
|    time_elapsed         | 17          |
|    total_timesteps      | 26624       |
| train/                  |             |
|    approx_kl            | 0.010410671 |
|    clip_fraction        | 0.104       |
|    clip_range           | 0.2         |
|    entropy_loss         | -0.519      |
|    explained_variance   | 0.189       |
|    learning_rate        | 0.0003      |
|    loss                 | 0.302       |
|    n_updates            | 120         |
|    policy_gradient_loss | -0.00686    |
|    value_loss           | 4.56        |
-----------------------------------------
